Analysis & Synthesis report for TrafficLight
Wed Dec 06 01:54:43 2023
Quartus II 64-Bit Version 13.0.1 Build 232 06/12/2013 Service Pack 1 SJ Web Edition


---------------------
; Table of Contents ;
---------------------
  1. Legal Notice
  2. Analysis & Synthesis Summary
  3. Analysis & Synthesis Settings
  4. Parallel Compilation
  5. Analysis & Synthesis Source Files Read
  6. Analysis & Synthesis Resource Usage Summary
  7. Analysis & Synthesis Resource Utilization by Entity
  8. General Register Statistics
  9. Port Connectivity Checks: "TrafficController:inst|enARdFF_2:\generateDFF:0:dFFInst"
 10. Port Connectivity Checks: "TrafficController:inst|enARdFF_2:\generateDFF:1:dFFInst"
 11. Port Connectivity Checks: "TrafficController:inst|enARdFF_2:\generateDFF:2:dFFInst"
 12. Port Connectivity Checks: "TrafficController:inst|enARdFF_2:\generateDFF:3:dFFInst"
 13. Elapsed Time Per Partition
 14. Analysis & Synthesis Messages



----------------
; Legal Notice ;
----------------
Copyright (C) 1991-2013 Altera Corporation
Your use of Altera Corporation's design tools, logic functions 
and other software and tools, and its AMPP partner logic 
functions, and any output files from any of the foregoing 
(including device programming or simulation files), and any 
associated documentation or information are expressly subject 
to the terms and conditions of the Altera Program License 
Subscription Agreement, Altera MegaCore Function License 
Agreement, or other applicable license agreement, including, 
without limitation, that your use is for the sole purpose of 
programming logic devices manufactured by Altera and sold by 
Altera or its authorized distributors.  Please refer to the 
applicable agreement for further details.



+--------------------------------------------------------------------------------------+
; Analysis & Synthesis Summary                                                         ;
+------------------------------------+-------------------------------------------------+
; Analysis & Synthesis Status        ; Successful - Wed Dec 06 01:54:43 2023           ;
; Quartus II 64-Bit Version          ; 13.0.1 Build 232 06/12/2013 SP 1 SJ Web Edition ;
; Revision Name                      ; TrafficLight                                    ;
; Top-level Entity Name              ; testBench                                       ;
; Family                             ; Cyclone IV E                                    ;
; Total logic elements               ; 9                                               ;
;     Total combinational functions  ; 9                                               ;
;     Dedicated logic registers      ; 4                                               ;
; Total registers                    ; 4                                               ;
; Total pins                         ; 12                                              ;
; Total virtual pins                 ; 0                                               ;
; Total memory bits                  ; 0                                               ;
; Embedded Multiplier 9-bit elements ; 0                                               ;
; Total PLLs                         ; 0                                               ;
+------------------------------------+-------------------------------------------------+


+----------------------------------------------------------------------------------------------------------------------+
; Analysis & Synthesis Settings                                                                                        ;
+----------------------------------------------------------------------------+--------------------+--------------------+
; Option                                                                     ; Setting            ; Default Value      ;
+----------------------------------------------------------------------------+--------------------+--------------------+
; Device                                                                     ; EP4CE115F29C7      ;                    ;
; Top-level entity name                                                      ; testBench          ; TrafficLight       ;
; Family name                                                                ; Cyclone IV E       ; Cyclone IV GX      ;
; Use smart compilation                                                      ; Off                ; Off                ;
; Enable parallel Assembler and TimeQuest Timing Analyzer during compilation ; On                 ; On                 ;
; Enable compact report table                                                ; Off                ; Off                ;
; Restructure Multiplexers                                                   ; Auto               ; Auto               ;
; Create Debugging Nodes for IP Cores                                        ; Off                ; Off                ;
; Preserve fewer node names                                                  ; On                 ; On                 ;
; Disable OpenCore Plus hardware evaluation                                  ; Off                ; Off                ;
; Verilog Version                                                            ; Verilog_2001       ; Verilog_2001       ;
; VHDL Version                                                               ; VHDL_1993          ; VHDL_1993          ;
; State Machine Processing                                                   ; Auto               ; Auto               ;
; Safe State Machine                                                         ; Off                ; Off                ;
; Extract Verilog State Machines                                             ; On                 ; On                 ;
; Extract VHDL State Machines                                                ; On                 ; On                 ;
; Ignore Verilog initial constructs                                          ; Off                ; Off                ;
; Iteration limit for constant Verilog loops                                 ; 5000               ; 5000               ;
; Iteration limit for non-constant Verilog loops                             ; 250                ; 250                ;
; Add Pass-Through Logic to Inferred RAMs                                    ; On                 ; On                 ;
; Infer RAMs from Raw Logic                                                  ; On                 ; On                 ;
; Parallel Synthesis                                                         ; On                 ; On                 ;
; DSP Block Balancing                                                        ; Auto               ; Auto               ;
; NOT Gate Push-Back                                                         ; On                 ; On                 ;
; Power-Up Don't Care                                                        ; On                 ; On                 ;
; Remove Redundant Logic Cells                                               ; Off                ; Off                ;
; Remove Duplicate Registers                                                 ; On                 ; On                 ;
; Ignore CARRY Buffers                                                       ; Off                ; Off                ;
; Ignore CASCADE Buffers                                                     ; Off                ; Off                ;
; Ignore GLOBAL Buffers                                                      ; Off                ; Off                ;
; Ignore ROW GLOBAL Buffers                                                  ; Off                ; Off                ;
; Ignore LCELL Buffers                                                       ; Off                ; Off                ;
; Ignore SOFT Buffers                                                        ; On                 ; On                 ;
; Limit AHDL Integers to 32 Bits                                             ; Off                ; Off                ;
; Optimization Technique                                                     ; Balanced           ; Balanced           ;
; Carry Chain Length                                                         ; 70                 ; 70                 ;
; Auto Carry Chains                                                          ; On                 ; On                 ;
; Auto Open-Drain Pins                                                       ; On                 ; On                 ;
; Perform WYSIWYG Primitive Resynthesis                                      ; Off                ; Off                ;
; Auto ROM Replacement                                                       ; On                 ; On                 ;
; Auto RAM Replacement                                                       ; On                 ; On                 ;
; Auto DSP Block Replacement                                                 ; On                 ; On                 ;
; Auto Shift Register Replacement                                            ; Auto               ; Auto               ;
; Allow Shift Register Merging across Hierarchies                            ; Auto               ; Auto               ;
; Auto Clock Enable Replacement                                              ; On                 ; On                 ;
; Strict RAM Replacement                                                     ; Off                ; Off                ;
; Allow Synchronous Control Signals                                          ; On                 ; On                 ;
; Force Use of Synchronous Clear Signals                                     ; Off                ; Off                ;
; Auto RAM Block Balancing                                                   ; On                 ; On                 ;
; Auto RAM to Logic Cell Conversion                                          ; Off                ; Off                ;
; Auto Resource Sharing                                                      ; Off                ; Off                ;
; Allow Any RAM Size For Recognition                                         ; Off                ; Off                ;
; Allow Any ROM Size For Recognition                                         ; Off                ; Off                ;
; Allow Any Shift Register Size For Recognition                              ; Off                ; Off                ;
; Use LogicLock Constraints during Resource Balancing                        ; On                 ; On                 ;
; Ignore translate_off and synthesis_off directives                          ; Off                ; Off                ;
; Timing-Driven Synthesis                                                    ; On                 ; On                 ;
; Report Parameter Settings                                                  ; On                 ; On                 ;
; Report Source Assignments                                                  ; On                 ; On                 ;
; Report Connectivity Checks                                                 ; On                 ; On                 ;
; Ignore Maximum Fan-Out Assignments                                         ; Off                ; Off                ;
; Synchronization Register Chain Length                                      ; 2                  ; 2                  ;
; PowerPlay Power Optimization                                               ; Normal compilation ; Normal compilation ;
; HDL message level                                                          ; Level2             ; Level2             ;
; Suppress Register Optimization Related Messages                            ; Off                ; Off                ;
; Number of Removed Registers Reported in Synthesis Report                   ; 5000               ; 5000               ;
; Number of Swept Nodes Reported in Synthesis Report                         ; 5000               ; 5000               ;
; Number of Inverted Registers Reported in Synthesis Report                  ; 100                ; 100                ;
; Clock MUX Protection                                                       ; On                 ; On                 ;
; Auto Gated Clock Conversion                                                ; Off                ; Off                ;
; Block Design Naming                                                        ; Auto               ; Auto               ;
; SDC constraint protection                                                  ; Off                ; Off                ;
; Synthesis Effort                                                           ; Auto               ; Auto               ;
; Shift Register Replacement - Allow Asynchronous Clear Signal               ; On                 ; On                 ;
; Pre-Mapping Resynthesis Optimization                                       ; Off                ; Off                ;
; Analysis & Synthesis Message Level                                         ; Medium             ; Medium             ;
; Disable Register Merging Across Hierarchies                                ; Auto               ; Auto               ;
; Resource Aware Inference For Block RAM                                     ; On                 ; On                 ;
; Synthesis Seed                                                             ; 1                  ; 1                  ;
+----------------------------------------------------------------------------+--------------------+--------------------+


Parallel compilation was disabled, but you have multiple processors available. Enable parallel compilation to reduce compilation time.
+-------------------------------------+
; Parallel Compilation                ;
+----------------------------+--------+
; Processors                 ; Number ;
+----------------------------+--------+
; Number detected on machine ; 16     ;
; Maximum allowed            ; 1      ;
+----------------------------+--------+


+---------------------------------------------------------------------------------------------------------------------------------------------------------------------+
; Analysis & Synthesis Source Files Read                                                                                                                              ;
+----------------------------------+-----------------+------------------------------------+-----------------------------------------------------------------+---------+
; File Name with User-Entered Path ; Used in Netlist ; File Type                          ; File Name with Absolute Path                                    ; Library ;
+----------------------------------+-----------------+------------------------------------+-----------------------------------------------------------------+---------+
; enARdFF_2.vhd                    ; yes             ; User VHDL File                     ; C:/Users/lehar/Documents/CEG3155Labs/Lab3/enARdFF_2.vhd         ;         ;
; TrafficController.vhd            ; yes             ; User VHDL File                     ; C:/Users/lehar/Documents/CEG3155Labs/Lab3/TrafficController.vhd ;         ;
; testBench.bdf                    ; yes             ; User Block Diagram/Schematic File  ; C:/Users/lehar/Documents/CEG3155Labs/Lab3/testBench.bdf         ;         ;
+----------------------------------+-----------------+------------------------------------+-----------------------------------------------------------------+---------+


+-------------------------------------------------------------------------------------------------------------+
; Analysis & Synthesis Resource Usage Summary                                                                 ;
+---------------------------------------------+---------------------------------------------------------------+
; Resource                                    ; Usage                                                         ;
+---------------------------------------------+---------------------------------------------------------------+
; Estimated Total logic elements              ; 9                                                             ;
;                                             ;                                                               ;
; Total combinational functions               ; 9                                                             ;
; Logic element usage by number of LUT inputs ;                                                               ;
;     -- 4 input functions                    ; 3                                                             ;
;     -- 3 input functions                    ; 0                                                             ;
;     -- <=2 input functions                  ; 6                                                             ;
;                                             ;                                                               ;
; Logic elements by mode                      ;                                                               ;
;     -- normal mode                          ; 9                                                             ;
;     -- arithmetic mode                      ; 0                                                             ;
;                                             ;                                                               ;
; Total registers                             ; 4                                                             ;
;     -- Dedicated logic registers            ; 4                                                             ;
;     -- I/O registers                        ; 0                                                             ;
;                                             ;                                                               ;
; I/O pins                                    ; 12                                                            ;
; Embedded Multiplier 9-bit elements          ; 0                                                             ;
; Maximum fan-out node                        ; TrafficController:inst|enARdFF_2:\generateDFF:2:dFFInst|int_q ;
; Maximum fan-out                             ; 10                                                            ;
; Total fan-out                               ; 56                                                            ;
; Average fan-out                             ; 1.51                                                          ;
+---------------------------------------------+---------------------------------------------------------------+


+------------------------------------------------------------------------------------------------------------------------------------------------------------------------------------------------------------------------------------------+
; Analysis & Synthesis Resource Utilization by Entity                                                                                                                                                                                      ;
+------------------------------------------+-------------------+--------------+-------------+--------------+---------+-----------+------+--------------+--------------------------------------------------------------------+--------------+
; Compilation Hierarchy Node               ; LC Combinationals ; LC Registers ; Memory Bits ; DSP Elements ; DSP 9x9 ; DSP 18x18 ; Pins ; Virtual Pins ; Full Hierarchy Name                                                ; Library Name ;
+------------------------------------------+-------------------+--------------+-------------+--------------+---------+-----------+------+--------------+--------------------------------------------------------------------+--------------+
; |testBench                               ; 9 (0)             ; 4 (0)        ; 0           ; 0            ; 0       ; 0         ; 12   ; 0            ; |testBench                                                         ; work         ;
;    |TrafficController:inst|              ; 9 (7)             ; 4 (0)        ; 0           ; 0            ; 0       ; 0         ; 0    ; 0            ; |testBench|TrafficController:inst                                  ; work         ;
;       |enARdFF_2:\generateDFF:0:dFFInst| ; 0 (0)             ; 1 (1)        ; 0           ; 0            ; 0       ; 0         ; 0    ; 0            ; |testBench|TrafficController:inst|enARdFF_2:\generateDFF:0:dFFInst ; work         ;
;       |enARdFF_2:\generateDFF:1:dFFInst| ; 0 (0)             ; 1 (1)        ; 0           ; 0            ; 0       ; 0         ; 0    ; 0            ; |testBench|TrafficController:inst|enARdFF_2:\generateDFF:1:dFFInst ; work         ;
;       |enARdFF_2:\generateDFF:2:dFFInst| ; 1 (1)             ; 1 (1)        ; 0           ; 0            ; 0       ; 0         ; 0    ; 0            ; |testBench|TrafficController:inst|enARdFF_2:\generateDFF:2:dFFInst ; work         ;
;       |enARdFF_2:\generateDFF:3:dFFInst| ; 1 (1)             ; 1 (1)        ; 0           ; 0            ; 0       ; 0         ; 0    ; 0            ; |testBench|TrafficController:inst|enARdFF_2:\generateDFF:3:dFFInst ; work         ;
+------------------------------------------+-------------------+--------------+-------------+--------------+---------+-----------+------+--------------+--------------------------------------------------------------------+--------------+
Note: For table entries with two numbers listed, the numbers in parentheses indicate the number of resources of the given type used by the specific entity alone. The numbers listed outside of parentheses indicate the total resources of the given type used by the specific entity and all of its sub-entities in the hierarchy.


+------------------------------------------------------+
; General Register Statistics                          ;
+----------------------------------------------+-------+
; Statistic                                    ; Value ;
+----------------------------------------------+-------+
; Total registers                              ; 4     ;
; Number of registers using Synchronous Clear  ; 0     ;
; Number of registers using Synchronous Load   ; 0     ;
; Number of registers using Asynchronous Clear ; 4     ;
; Number of registers using Asynchronous Load  ; 0     ;
; Number of registers using Clock Enable       ; 0     ;
; Number of registers using Preset             ; 0     ;
+----------------------------------------------+-------+


+--------------------------------------------------------------------------------------------------------------------+
; Port Connectivity Checks: "TrafficController:inst|enARdFF_2:\generateDFF:0:dFFInst"                                ;
+----------+--------+----------+-------------------------------------------------------------------------------------+
; Port     ; Type   ; Severity ; Details                                                                             ;
+----------+--------+----------+-------------------------------------------------------------------------------------+
; i_enable ; Input  ; Info     ; Stuck at VCC                                                                        ;
; o_qbar   ; Output ; Info     ; Connected to dangling logic. Logic that only feeds a dangling port will be removed. ;
+----------+--------+----------+-------------------------------------------------------------------------------------+


+--------------------------------------------------------------------------------------------------------------------+
; Port Connectivity Checks: "TrafficController:inst|enARdFF_2:\generateDFF:1:dFFInst"                                ;
+----------+--------+----------+-------------------------------------------------------------------------------------+
; Port     ; Type   ; Severity ; Details                                                                             ;
+----------+--------+----------+-------------------------------------------------------------------------------------+
; i_enable ; Input  ; Info     ; Stuck at VCC                                                                        ;
; o_qbar   ; Output ; Info     ; Connected to dangling logic. Logic that only feeds a dangling port will be removed. ;
+----------+--------+----------+-------------------------------------------------------------------------------------+


+--------------------------------------------------------------------------------------------------------------------+
; Port Connectivity Checks: "TrafficController:inst|enARdFF_2:\generateDFF:2:dFFInst"                                ;
+----------+--------+----------+-------------------------------------------------------------------------------------+
; Port     ; Type   ; Severity ; Details                                                                             ;
+----------+--------+----------+-------------------------------------------------------------------------------------+
; i_enable ; Input  ; Info     ; Stuck at VCC                                                                        ;
; o_qbar   ; Output ; Info     ; Connected to dangling logic. Logic that only feeds a dangling port will be removed. ;
+----------+--------+----------+-------------------------------------------------------------------------------------+


+--------------------------------------------------------------------------------------------------------------------+
; Port Connectivity Checks: "TrafficController:inst|enARdFF_2:\generateDFF:3:dFFInst"                                ;
+----------+--------+----------+-------------------------------------------------------------------------------------+
; Port     ; Type   ; Severity ; Details                                                                             ;
+----------+--------+----------+-------------------------------------------------------------------------------------+
; i_enable ; Input  ; Info     ; Stuck at VCC                                                                        ;
; o_qbar   ; Output ; Info     ; Connected to dangling logic. Logic that only feeds a dangling port will be removed. ;
+----------+--------+----------+-------------------------------------------------------------------------------------+


+-------------------------------+
; Elapsed Time Per Partition    ;
+----------------+--------------+
; Partition Name ; Elapsed Time ;
+----------------+--------------+
; Top            ; 00:00:00     ;
+----------------+--------------+


+-------------------------------+
; Analysis & Synthesis Messages ;
+-------------------------------+
Info: *******************************************************************
Info: Running Quartus II 64-Bit Analysis & Synthesis
    Info: Version 13.0.1 Build 232 06/12/2013 Service Pack 1 SJ Web Edition
    Info: Processing started: Wed Dec 06 01:54:42 2023
Info: Command: quartus_map --read_settings_files=on --write_settings_files=off TrafficLight -c TrafficLight
Warning (20028): Parallel compilation is not licensed and has been disabled
Info (12021): Found 2 design units, including 1 entities, in source file mux4.vhd
    Info (12022): Found design unit 1: MUX4-Structural
    Info (12023): Found entity 1: MUX4
Info (12021): Found 2 design units, including 1 entities, in source file enardff_2.vhd
    Info (12022): Found design unit 1: enARdFF_2-rtl
    Info (12023): Found entity 1: enARdFF_2
Info (12021): Found 2 design units, including 1 entities, in source file clk_div.vhd
    Info (12022): Found design unit 1: clk_div-a
    Info (12023): Found entity 1: clk_div
Info (12021): Found 2 design units, including 1 entities, in source file trafficcontroller.vhd
    Info (12022): Found design unit 1: TrafficController-rtl
    Info (12023): Found entity 1: TrafficController
Info (12021): Found 2 design units, including 1 entities, in source file counter16.vhd
    Info (12022): Found design unit 1: Counter16-rtl
    Info (12023): Found entity 1: Counter16
Info (12021): Found 2 design units, including 1 entities, in source file constantsst.vhd
    Info (12022): Found design unit 1: ConstantSST-rtl
    Info (12023): Found entity 1: ConstantSST
Info (12021): Found 2 design units, including 1 entities, in source file constantmst.vhd
    Info (12022): Found design unit 1: ConstantMST-Structural
    Info (12023): Found entity 1: ConstantMST
Info (12021): Found 2 design units, including 1 entities, in source file dec_7seg.vhd
    Info (12022): Found design unit 1: dec_7seg-rtl
    Info (12023): Found entity 1: dec_7seg
Info (12021): Found 2 design units, including 1 entities, in source file debouncer_2.vhd
    Info (12022): Found design unit 1: debouncer_2-rtl
    Info (12023): Found entity 1: debouncer_2
Info (12021): Found 2 design units, including 1 entities, in source file binarydecoder.vhd
    Info (12022): Found design unit 1: binarydecoder-rtl
    Info (12023): Found entity 1: binarydecoder
Info (12021): Found 1 design units, including 1 entities, in source file trafficlight.bdf
    Info (12023): Found entity 1: trafficlight
Info (12021): Found 1 design units, including 1 entities, in source file boardfile.bdf
    Info (12023): Found entity 1: BoardFile
Info (12021): Found 1 design units, including 1 entities, in source file testbench.bdf
    Info (12023): Found entity 1: testBench
Info (12127): Elaborating entity "testBench" for the top level hierarchy
Info (12128): Elaborating entity "TrafficController" for hierarchy "TrafficController:inst"
Info (12128): Elaborating entity "enARdFF_2" for hierarchy "TrafficController:inst|enARdFF_2:\generateDFF:3:dFFInst"
Info (286030): Timing-Driven Synthesis is running
Warning (20013): Ignored assignments for entity "TrafficLightController" -- entity does not exist in design
    Warning (20014): Assignment for entity set_instance_assignment -name FAST_INPUT_REGISTER ON -to * -entity TrafficLightController was ignored
    Warning (20014): Assignment for entity set_instance_assignment -name FAST_OUTPUT_REGISTER ON -to * -entity TrafficLightController was ignored
    Warning (20014): Assignment for entity set_instance_assignment -name IO_MAXIMUM_TOGGLE_RATE "0 MHz" -to HEX0 -entity TrafficLightController was ignored
    Warning (20014): Assignment for entity set_instance_assignment -name IO_MAXIMUM_TOGGLE_RATE "0 MHz" -to HEX1 -entity TrafficLightController was ignored
    Warning (20014): Assignment for entity set_instance_assignment -name IO_MAXIMUM_TOGGLE_RATE "0 MHz" -to HEX2 -entity TrafficLightController was ignored
    Warning (20014): Assignment for entity set_instance_assignment -name IO_MAXIMUM_TOGGLE_RATE "0 MHz" -to HEX3 -entity TrafficLightController was ignored
    Warning (20014): Assignment for entity set_instance_assignment -name IO_MAXIMUM_TOGGLE_RATE "0 MHz" -to KEY -entity TrafficLightController was ignored
    Warning (20014): Assignment for entity set_instance_assignment -name IO_MAXIMUM_TOGGLE_RATE "0 MHz" -to SW -entity TrafficLightController was ignored
Info (16010): Generating hard_block partition "hard_block:auto_generated_inst"
    Info (16011): Adding 0 node(s), including 0 DDIO, 0 PLL, 0 transceiver and 0 LCELL
Info (21057): Implemented 22 device resources after synthesis - the final resource count might be different
    Info (21058): Implemented 4 input pins
    Info (21059): Implemented 8 output pins
    Info (21061): Implemented 10 logic cells
Info: Quartus II 64-Bit Analysis & Synthesis was successful. 0 errors, 10 warnings
    Info: Peak virtual memory: 4636 megabytes
    Info: Processing ended: Wed Dec 06 01:54:43 2023
    Info: Elapsed time: 00:00:01
    Info: Total CPU time (on all processors): 00:00:01


