EDA Netlist Writer report for TrafficLight
Wed Dec 06 01:56:35 2023
Quartus II 64-Bit Version 13.0.1 Build 232 06/12/2013 Service Pack 1 SJ Web Edition


---------------------
; Table of Contents ;
---------------------
  1. Legal Notice
  2. EDA Netlist Writer Summary
  3. Simulation Settings
  4. Simulation Generated Files
  5. EDA Netlist Writer Messages



----------------
; Legal Notice ;
----------------
Copyright (C) 1991-2013 Altera Corporation
Your use of Altera Corporation's design tools, logic functions 
and other software and tools, and its AMPP partner logic 
functions, and any output files from any of the foregoing 
(including device programming or simulation files), and any 
associated documentation or information are expressly subject 
to the terms and conditions of the Altera Program License 
Subscription Agreement, Altera MegaCore Function License 
Agreement, or other applicable license agreement, including, 
without limitation, that your use is for the sole purpose of 
programming logic devices manufactured by Altera and sold by 
Altera or its authorized distributors.  Please refer to the 
applicable agreement for further details.



+-------------------------------------------------------------------+
; EDA Netlist Writer Summary                                        ;
+---------------------------+---------------------------------------+
; EDA Netlist Writer Status ; Successful - Wed Dec 06 01:56:35 2023 ;
; Revision Name             ; TrafficLight                          ;
; Top-level Entity Name     ; testBench                             ;
; Family                    ; Cyclone IV E                          ;
; Simulation Files Creation ; Successful                            ;
+---------------------------+---------------------------------------+


+-------------------------------------------------------------------------------------------------------------------------------+
; Simulation Settings                                                                                                           ;
+---------------------------------------------------------------------------------------------------+---------------------------+
; Option                                                                                            ; Setting                   ;
+---------------------------------------------------------------------------------------------------+---------------------------+
; Tool Name                                                                                         ; ModelSim-Altera (Verilog) ;
; Generate netlist for functional simulation only                                                   ; On                        ;
; Truncate long hierarchy paths                                                                     ; Off                       ;
; Map illegal HDL characters                                                                        ; Off                       ;
; Flatten buses into individual nodes                                                               ; Off                       ;
; Maintain hierarchy                                                                                ; Off                       ;
; Bring out device-wide set/reset signals as ports                                                  ; Off                       ;
; Enable glitch filtering                                                                           ; Off                       ;
; Do not write top level VHDL entity                                                                ; Off                       ;
; Disable detection of setup and hold time violations in the input registers of bi-directional pins ; Off                       ;
; Architecture name in VHDL output netlist                                                          ; structure                 ;
; Generate third-party EDA tool command script for RTL functional simulation                        ; Off                       ;
; Generate third-party EDA tool command script for gate-level simulation                            ; Off                       ;
+---------------------------------------------------------------------------------------------------+---------------------------+


+-------------------------------------------------------------------------------+
; Simulation Generated Files                                                    ;
+-------------------------------------------------------------------------------+
; Generated Files                                                               ;
+-------------------------------------------------------------------------------+
; C:/Users/lehar/Documents/CEG3155Labs/Lab3/simulation/modelsim/TrafficLight.vo ;
+-------------------------------------------------------------------------------+


+-----------------------------+
; EDA Netlist Writer Messages ;
+-----------------------------+
Info: *******************************************************************
Info: Running Quartus II 64-Bit EDA Netlist Writer
    Info: Version 13.0.1 Build 232 06/12/2013 Service Pack 1 SJ Web Edition
    Info: Processing started: Wed Dec 06 01:56:35 2023
Info: Command: quartus_eda --functional=on --simulation=on --tool=modelsim_oem --format=verilog TrafficLight -c TrafficLight
Warning (20013): Ignored assignments for entity "TrafficLightController" -- entity does not exist in design
    Warning (20014): Assignment for entity set_instance_assignment -name FAST_INPUT_REGISTER ON -to * -entity TrafficLightController was ignored
    Warning (20014): Assignment for entity set_instance_assignment -name FAST_OUTPUT_REGISTER ON -to * -entity TrafficLightController was ignored
    Warning (20014): Assignment for entity set_instance_assignment -name IO_MAXIMUM_TOGGLE_RATE "0 MHz" -to HEX0 -entity TrafficLightController was ignored
    Warning (20014): Assignment for entity set_instance_assignment -name IO_MAXIMUM_TOGGLE_RATE "0 MHz" -to HEX1 -entity TrafficLightController was ignored
    Warning (20014): Assignment for entity set_instance_assignment -name IO_MAXIMUM_TOGGLE_RATE "0 MHz" -to HEX2 -entity TrafficLightController was ignored
    Warning (20014): Assignment for entity set_instance_assignment -name IO_MAXIMUM_TOGGLE_RATE "0 MHz" -to HEX3 -entity TrafficLightController was ignored
    Warning (20014): Assignment for entity set_instance_assignment -name IO_MAXIMUM_TOGGLE_RATE "0 MHz" -to KEY -entity TrafficLightController was ignored
    Warning (20014): Assignment for entity set_instance_assignment -name IO_MAXIMUM_TOGGLE_RATE "0 MHz" -to SW -entity TrafficLightController was ignored
Info (204019): Generated file TrafficLight.vo in folder "C:/Users/lehar/Documents/CEG3155Labs/Lab3/simulation/modelsim/" for EDA simulation tool
Info: Quartus II 64-Bit EDA Netlist Writer was successful. 0 errors, 9 warnings
    Info: Peak virtual memory: 4519 megabytes
    Info: Processing ended: Wed Dec 06 01:56:35 2023
    Info: Elapsed time: 00:00:00
    Info: Total CPU time (on all processors): 00:00:00


